Renderer info: NVIDIA GeForce GTX 1070/PCIe/SSE2 version 4.6.0 NVIDIA 536.67 from NVIDIA Corporation
Depth buffer bits: 24
Multisampling enabled
Adding file system path "C:/Users/Jack/repos/scratch/idtech-muck/TrenchBroom-Win64-v2024.1-Release\\defaults\\assets"
Adding file system path "C:\\Users\\Jack\\repos\\egg-farmer\\."
Loading document from C:\Users\Jack\repos\egg-farmer\maps\egg-farmer.map
Adding file system path "C:/Users/Jack/repos/scratch/idtech-muck/TrenchBroom-Win64-v2024.1-Release\\defaults\\assets"
Adding file system path "C:\\Users\\Jack\\repos\\egg-farmer\\."
Adding file system path "C:\\Users\\Jack\\repos\\egg-farmer\\assets"
Found multiple model properties (line 20, column 109)
Loaded entity definition file EggFarmer.fgd
Could not load model C:\Users\Jack\repos\egg-farmer\models/egg.glb: Path 'C:\Users\Jack\repos\egg-farmer\models/egg.glb' is absolute
Loaded texture collection '"textures"'
Loaded texture collection '"textures\\dev"'
Loaded texture collection '"textures\\main\\grass"'
Loaded texture collection '"textures\\main\\roofing_tiles"'
Loaded texture collection '"textures\\main\\siding"'
Loaded texture collection '"textures\\main\\stone"'
Loaded texture collection '"textures\\main\\wood_planks"'
Loaded texture collection '"textures\\special"'
Loaded "C:\\Users\\Jack\\repos\\egg-farmer\\maps\\egg-farmer.map" in 390ms
Saved "C:\\Users\\Jack\\repos\\egg-farmer\\maps\\egg-farmer.map" in 14ms
Parsed successfully as Valve entities (unknown position)
Parsed successfully as Valve entities (unknown position)
Parsed successfully as Valve entities (unknown position)
Parsed successfully as Valve entities (unknown position)
Parsed successfully as Valve entities (unknown position)
Parsed successfully as Valve entities (unknown position)
Saved "C:\\Users\\Jack\\repos\\egg-farmer\\maps\\egg-farmer.map" in 14ms
Saved "C:\\Users\\Jack\\repos\\egg-farmer\\maps\\egg-farmer.map" in 15ms
Saved "C:\\Users\\Jack\\repos\\egg-farmer\\maps\\egg-farmer.map" in 16ms
Parsed successfully as Valve entities (unknown position)
Parsed successfully as Valve entities (unknown position)
Saved "C:\\Users\\Jack\\repos\\egg-farmer\\maps\\egg-farmer.map" in 16ms
Could not clip brush: Brush is empty
Could not clip brush: Brush is empty
Could not clip brush: Brush is empty
Could not clip brush: Brush is empty
Could not clip brush: Brush is empty
Could not clip brush: Brush is empty
Could not clip brush: Brush is empty
Could not clip brush: Brush is empty
Could not clip brush: Brush is empty
Could not clip brush: Brush is empty
Could not clip brush: Brush is empty
Could not clip brush: Brush is empty
Could not clip brush: Brush is empty
Could not clip brush: Brush is empty
Could not clip brush: Brush is empty
Could not clip brush: Brush is empty
Could not clip brush: Brush is empty
Could not clip brush: Brush is empty
Could not clip brush: Brush is empty
Could not clip brush: Brush is empty
Could not clip brush: Brush is empty
Could not clip brush: Brush is empty
Could not clip brush: Brush is empty
Could not clip brush: Brush is empty
Could not clip brush: Brush is empty
Could not clip brush: Brush is empty
Could not clip brush: Brush is empty
Could not clip brush: Brush is empty
Could not clip brush: Brush is empty
Could not clip brush: Brush is empty
Could not clip brush: Brush is empty
Could not clip brush: Brush is empty
Could not clip brush: Brush is empty
Could not clip brush: Brush is empty
Could not clip brush: Brush is empty
Could not clip brush: Brush is empty
Could not clip brush: Brush is empty
Could not clip brush: Brush is empty
Could not clip brush: Brush is empty
Could not clip brush: Brush is empty
Could not clip brush: Brush is empty
Could not clip brush: Brush is empty
Could not clip brush: Brush is empty
Could not clip brush: Brush is empty
Could not clip brush: Brush is empty
Could not clip brush: Brush is empty
Could not clip brush: Brush is empty
Could not clip brush: Brush is empty
Could not clip brush: Brush is empty
Could not clip brush: Brush is empty
Could not clip brush: Brush is empty
Could not clip brush: Brush is empty
Could not clip brush: Brush is empty
Could not clip brush: Brush is empty
Could not clip brush: Brush is empty
Could not clip brush: Brush is empty
Could not clip brush: Brush is empty
Could not clip brush: Brush is empty
Could not clip brush: Brush is empty
Could not clip brush: Brush is empty
Could not clip brush: Brush is empty
Could not clip brush: Brush is empty
Could not clip brush: Brush is empty
Could not clip brush: Brush is empty
Could not clip brush: Brush is empty
Could not clip brush: Brush is empty
Could not clip brush: Brush is empty
Could not clip brush: Brush is empty
Could not clip brush: Brush is empty
Could not clip brush: Brush is empty
Could not clip brush: Brush is empty
Could not clip brush: Brush is empty
Could not clip brush: Brush is empty
Could not clip brush: Brush is empty
Could not clip brush: Brush is empty
Could not clip brush: Brush is empty
Could not clip brush: Brush is empty
Could not clip brush: Brush is empty
Could not clip brush: Brush is empty
Could not clip brush: Brush is empty
Could not clip brush: Brush is empty
Could not clip brush: Brush is empty
Created autosave backup at "C:\\Users\\Jack\\repos\\egg-farmer\\maps\\autosave\\egg-farmer.11.map"
Could not extrude inwards: Front brush is empty
Could not extrude inwards: Front brush is empty
Saved "C:\\Users\\Jack\\repos\\egg-farmer\\maps\\egg-farmer.map" in 14ms
Saved "C:\\Users\\Jack\\repos\\egg-farmer\\maps\\egg-farmer.map" in 14ms
Saved "C:\\Users\\Jack\\repos\\egg-farmer\\maps\\egg-farmer.map" in 9ms
Created autosave backup at "C:\\Users\\Jack\\repos\\egg-farmer\\maps\\autosave\\egg-farmer.4.map"
Saved "C:\\Users\\Jack\\repos\\egg-farmer\\maps\\egg-farmer.map" in 14ms
Saved "C:\\Users\\Jack\\repos\\egg-farmer\\maps\\egg-farmer.map" in 15ms
Saved "C:\\Users\\Jack\\repos\\egg-farmer\\maps\\egg-farmer.map" in 16ms
Saved "C:\\Users\\Jack\\repos\\egg-farmer\\maps\\egg-farmer.map" in 13ms
Saved "C:\\Users\\Jack\\repos\\egg-farmer\\maps\\egg-farmer.map" in 10ms
Saved "C:\\Users\\Jack\\repos\\egg-farmer\\maps\\egg-farmer.map" in 14ms
Could not clip brush: Brush is empty
Could not clip brush: Brush is empty
Saved "C:\\Users\\Jack\\repos\\egg-farmer\\maps\\egg-farmer.map" in 17ms
Saved "C:\\Users\\Jack\\repos\\egg-farmer\\maps\\egg-farmer.map" in 15ms
Created autosave backup at "C:\\Users\\Jack\\repos\\egg-farmer\\maps\\autosave\\egg-farmer.5.map"
Reloading entity definitions
Found multiple model properties (line 20, column 109)
